<?xml version="1.0" encoding="UTF-8"?>
<!-- Generated by org.testng.reporters.JUnitXMLReporter -->
<testsuite hostname="Nikhils-Air.hsd1.ca.comcast.net" name="testngTest" tests="8" failures="2" timestamp="4 Jun 2018 15:34:47 GMT" time="9.796" errors="0">
  <testcase name="getAPITest" time="0.997" classname="com.splunk.test.GetAPITest"/>
  <testcase name="postAPITest" time="0.382" classname="com.splunk.test.PostAPITest"/>
  <testcase name="isSameMovieImage" time="0.371" classname="com.splunk.test.SplunkAPITest">
    <failure type="java.lang.AssertionError" message="expected [true] but found [false]">
      <![CDATA[java.lang.AssertionError: expected [true] but found [false]
	at com.splunk.test.SplunkAPITest.isSameMovieImage(SplunkAPITest.java:62)
... Removed 29 stack frames]]>
    </failure>
  </testcase> <!-- isSameMovieImage -->
  <testcase name="isValidLink" time="6.545" classname="com.splunk.test.SplunkAPITest">
    <failure type="java.lang.AssertionError" message="expected [false] but found [true]">
      <![CDATA[java.lang.AssertionError: expected [false] but found [true]
	at com.splunk.test.SplunkAPITest.isValidLink(SplunkAPITest.java:93)
... Removed 29 stack frames]]>
    </failure>
  </testcase> <!-- isValidLink -->
  <testcase name="sortedGenreIds" time="0.364" classname="com.splunk.test.SplunkAPITest"/>
  <testcase name="isAtMostSeven" time="0.363" classname="com.splunk.test.SplunkAPITest"/>
  <testcase name="hasPalindrome" time="0.362" classname="com.splunk.test.SplunkAPITest"/>
  <testcase name="titleContainsTitle" time="0.365" classname="com.splunk.test.SplunkAPITest"/>
</testsuite> <!-- testngTest -->
